Determining if the pthread_create exist failed with the following output:
Change Dir: /home/peter/groovy_workspace/src/tfx/build/CMakeFiles/CMakeTmp

Run Build Command:/usr/bin/make "cmTryCompileExec1240424109/fast"
make[1]: Entering directory `/home/peter/groovy_workspace/src/tfx/build/CMakeFiles/CMakeTmp'
/usr/bin/make -f CMakeFiles/cmTryCompileExec1240424109.dir/build.make CMakeFiles/cmTryCompileExec1240424109.dir/build
make[2]: Entering directory `/home/peter/groovy_workspace/src/tfx/build/CMakeFiles/CMakeTmp'
/usr/bin/cmake -E cmake_progress_report /home/peter/groovy_workspace/src/tfx/build/CMakeFiles/CMakeTmp/CMakeFiles 1
Building C object CMakeFiles/cmTryCompileExec1240424109.dir/CheckSymbolExists.c.o
/usr/bin/gcc    -o CMakeFiles/cmTryCompileExec1240424109.dir/CheckSymbolExists.c.o   -c /home/peter/groovy_workspace/src/tfx/build/CMakeFiles/CMakeTmp/CheckSymbolExists.c
Linking C executable cmTryCompileExec1240424109
/usr/bin/cmake -E cmake_link_script CMakeFiles/cmTryCompileExec1240424109.dir/link.txt --verbose=1
/usr/bin/gcc         CMakeFiles/cmTryCompileExec1240424109.dir/CheckSymbolExists.c.o  -o cmTryCompileExec1240424109 -rdynamic 
CMakeFiles/cmTryCompileExec1240424109.dir/CheckSymbolExists.c.o: In function `main':
CheckSymbolExists.c:(.text+0x16): undefined reference to `pthread_create'
collect2: error: ld returned 1 exit status
make[2]: *** [cmTryCompileExec1240424109] Error 1
make[2]: Leaving directory `/home/peter/groovy_workspace/src/tfx/build/CMakeFiles/CMakeTmp'
make[1]: Leaving directory `/home/peter/groovy_workspace/src/tfx/build/CMakeFiles/CMakeTmp'
make[1]: *** [cmTryCompileExec1240424109/fast] Error 2

File /home/peter/groovy_workspace/src/tfx/build/CMakeFiles/CMakeTmp/CheckSymbolExists.c:
/* */
#include <pthread.h>

int main(int argc, char** argv)
{
  (void)argv;
#ifndef pthread_create
  return ((int*)(&pthread_create))[argc];
#else
  (void)argc;
  return 0;
#endif
}

Determining if the function pthread_create exists in the pthreads failed with the following output:
Change Dir: /home/peter/groovy_workspace/src/tfx/build/CMakeFiles/CMakeTmp

Run Build Command:/usr/bin/make "cmTryCompileExec3484612943/fast"
make[1]: Entering directory `/home/peter/groovy_workspace/src/tfx/build/CMakeFiles/CMakeTmp'
/usr/bin/make -f CMakeFiles/cmTryCompileExec3484612943.dir/build.make CMakeFiles/cmTryCompileExec3484612943.dir/build
make[2]: Entering directory `/home/peter/groovy_workspace/src/tfx/build/CMakeFiles/CMakeTmp'
/usr/bin/cmake -E cmake_progress_report /home/peter/groovy_workspace/src/tfx/build/CMakeFiles/CMakeTmp/CMakeFiles 1
Building C object CMakeFiles/cmTryCompileExec3484612943.dir/CheckFunctionExists.c.o
/usr/bin/gcc   -DCHECK_FUNCTION_EXISTS=pthread_create   -o CMakeFiles/cmTryCompileExec3484612943.dir/CheckFunctionExists.c.o   -c /usr/share/cmake-2.8/Modules/CheckFunctionExists.c
Linking C executable cmTryCompileExec3484612943
/usr/bin/cmake -E cmake_link_script CMakeFiles/cmTryCompileExec3484612943.dir/link.txt --verbose=1
/usr/bin/gcc     -DCHECK_FUNCTION_EXISTS=pthread_create    CMakeFiles/cmTryCompileExec3484612943.dir/CheckFunctionExists.c.o  -o cmTryCompileExec3484612943 -rdynamic -lpthreads 
/usr/bin/ld: cannot find -lpthreads
collect2: error: ld returned 1 exit status
make[2]: Leaving directory `/home/peter/groovy_workspace/src/tfx/build/CMakeFiles/CMakeTmp'
make[2]: *** [cmTryCompileExec3484612943] Error 1
make[1]: *** [cmTryCompileExec3484612943/fast] Error 2
make[1]: Leaving directory `/home/peter/groovy_workspace/src/tfx/build/CMakeFiles/CMakeTmp'


